### ISSUE TITLE
我重装了游戏打上了补丁，发现补丁没有成功运行

### ISSUE THREAD

**Issue by deadline85** [kurikomoe/L4D2Fix#4]
今天因为把steam下载游戏位置移动到另一个盘了所以重装了求生之路（是彻底删除无残留的那种）然后重装了补丁，成功运行游戏但是发现没有弹窗文件夹里也没有生成那两个log，无论我尝试本地exe启动也不行，我刚开始怀疑是我打的dxvk的问题于是我又重装了，发现还是不起作用

**Comment by deadline85** [comment]
![Image](https://github.com/user-attachments/assets/d658f81b-9afd-43e3-8ece-dcba21eacf02)现在是第三次重装了，不知道这次能不能行

**Comment by devilscc** [comment]
我和你情况是一样的，把Dxvk的文件移除掉就可以正常使用了，好像两个有点不兼容

**Comment by kurikomoe** [comment]
dxvk 么，我有空了看一下吧。

**Comment by deadline85** [comment]
> 我和你情况是一样的，把Dxvk的文件移除掉就可以正常使用了，好像两个有点不兼容

我是能进游戏但是补丁没有成功运行，我现在有点怀疑是不是360的问题，下班我回去试一下

**Comment by deadline85** [comment]
![Image](https://github.com/user-attachments/assets/b86f5d3d-4929-4824-a12a-64b4509c26b3)寄了😂

**Comment by deadline85** [comment]
> dxvk 么，我有空了看一下吧。（不过问题是为什么要用 dxvk）

可用页池内存对补丁有影响吗？

**Comment by devilscc** [comment]
> dxvk 么，我有空了看一下吧。（不过问题是为什么要用 dxvk）

用Dxvk不容易闪退，mod打得比较多，我跟目录只放了 dxvk 的 d3d9.dll 其他的 dll 都没放

**Comment by deadline85** [comment]
> 我这边全新安装的 l4d2 + dxvk d3d9.dll 没办法复现启动失败的问题，也会正常弹窗
> 
> > p.s l4d2 + dxvk 全部 dll 会启动失败

我这边用的是这个dxvk https://github.com/doitsujin/dxvk/releases

**Comment by devilscc** [comment]
> ![Image](https://github.com/user-attachments/assets/d658f81b-9afd-43e3-8ece-dcba21eacf02)现在是第三次重装了，不知道这次能不能行

你把其他的dll文件都移除掉再试试

**Comment by devilscc** [comment]
> > 我这边全新安装的 l4d2 + dxvk d3d9.dll 没办法复现启动失败的问题，也会正常弹窗
> > > p.s l4d2 + dxvk 全部 dll 会启动失败
> 
> 我这边用的是这个dxvk https://github.com/doitsujin/dxvk/releases

我的原因我找到了，dxvk有一个配置文件dxvk.conf，求生目录里面有这个文件就会无法启动。删除掉就可以正常启动了。

**Comment by kurikomoe** [comment]
试试最新的 https://github.com/kurikomoe/L4D2Fix/releases/tag/v1.1.1

我本地测试发现有些情况下 version.dll 会 hijack 失败，现在改用 winhttp.dll 了
如果还不行，那我就只能写一个启动器了。

**Comment by deadline85** [comment]
> > > 我这边全新安装的 l4d2 + dxvk d3d9.dll 没办法复现启动失败的问题，也会正常弹窗
> > > > p.s l4d2 + dxvk 全部 dll 会启动失败
> > 
> > 
> > 我这边用的是这个dxvk https://github.com/doitsujin/dxvk/releases
> 
> 我的原因我找到了，dxvk有一个配置文件dxvk.conf，求生目录里面有这个文件就会无法启动。删除掉就可以正常启动了。

是在哪个位置我没找到

**Comment by deadline85** [comment]
> 试试最新的 https://github.com/kurikomoe/L4D2Fix/releases/tag/v1.1.1
> 
> 我本地测试发现有些情况下 version.dll 会 hijack 失败，现在改用 winhttp.dll 了 如果还不行，那我就只能写一个启动器了。

[2025-02-24 21:06:54.561] [L4D2Fix] [info] ----------
[2025-02-24 21:06:54.561] [L4D2Fix] [info] Date: 1740402414
[2025-02-24 21:06:54.561] [L4D2Fix] [info] L4D2Fix v1.1.0 loaded.
[2025-02-24 21:06:54.561] [L4D2Fix] [info] ----------
[2025-02-24 21:06:54.561] [L4D2Fix] [info] Log file: d:\steam\steamapps\common\left 4 dead 2\L4D2Fix.log
[2025-02-24 21:06:54.561] [L4D2Fix] [info] ----------
[2025-02-24 21:06:54.561] [L4D2Fix] [info] Module Name: left4dead2.exe
[2025-02-24 21:06:54.561] [L4D2Fix] [info] Module Path: D:\steam\steamapps\common\Left 4 Dead 2\
[2025-02-24 21:06:54.561] [L4D2Fix] [info] Module Address: 0x3c0000
[2025-02-24 21:06:54.561] [L4D2Fix] [info] Module Timestamp: 1729294129
[2025-02-24 21:06:54.561] [L4D2Fix] [info] ----------
[2025-02-24 21:06:54.561] [L4D2Fix] [info] Startup commandline: "D:\steam\steamapps\common\Left 4 Dead 2\left4dead2.exe" -steam -Vulkan -heapsize 524288
[2025-02-24 21:06:54.561] [L4D2Fix] [info] Detected Vulkan: using shaderapivk.dll
[2025-02-24 21:06:54.562] [L4D2Fix] [info] Modified the vertex max buffer shaderapivk.dll: CreateEmptyColorMesh
[2025-02-24 21:06:54.562] [L4D2Fix] [info] Modified the vertex max buffer shaderapivk.dll: CreateEmptyColorMesh Later
[2025-02-24 21:06:54.562] [L4D2Fix] [info] Modified the vertex max buffer shaderapivk.dll: CreateVertexIDBuffer
[2025-02-24 21:06:54.562] [L4D2Fix] [info] Modified the vertex max buffer shaderapivk.dll: CreateVertexIDBuffer Later
[2025-02-24 21:06:54.562] [L4D2Fix] [info] Modified the vertex max buffer shaderapivk.dll: Unknown
这样正常了吗

**Comment by deadline85** [comment]
> 试试最新的 https://github.com/kurikomoe/L4D2Fix/releases/tag/v1.1.1
> 
> 我本地测试发现有些情况下 version.dll 会 hijack 失败，现在改用 winhttp.dll 了 如果还不行，那我就只能写一个启动器了。

[2025-02-24 23:50:12.221] [L4D2Fix] [info] ----------
[2025-02-24 23:50:12.221] [L4D2Fix] [info] Date: 1740412212
[2025-02-24 23:50:12.221] [L4D2Fix] [info] L4D2Fix v1.1.0 loaded.
[2025-02-24 23:50:12.221] [L4D2Fix] [info] ----------
[2025-02-24 23:50:12.221] [L4D2Fix] [info] Log file: d:\steam\steamapps\common\left 4 dead 2\L4D2Fix.log
[2025-02-24 23:50:12.221] [L4D2Fix] [info] ----------
[2025-02-24 23:50:12.222] [L4D2Fix] [info] Module Name: left4dead2.exe
[2025-02-24 23:50:12.222] [L4D2Fix] [info] Module Path: D:\steam\steamapps\common\Left 4 Dead 2\
[2025-02-24 23:50:12.222] [L4D2Fix] [info] Module Address: 0x300000
[2025-02-24 23:50:12.222] [L4D2Fix] [info] Module Timestamp: 1729294129
[2025-02-24 23:50:12.222] [L4D2Fix] [info] ----------
[2025-02-24 23:50:13.765] [L4D2Fix] [info] Startup commandline: "D:\steam\steamapps\common\Left 4 Dead 2\left4dead2.exe" -steam -Vulkan -heapsize 524288 -insecure
[2025-02-24 23:50:13.765] [L4D2Fix] [info] Detected Vulkan: using shaderapivk.dll
[2025-02-24 23:50:13.766] [L4D2Fix] [info] Modified the vertex max buffer shaderapivk.dll: CreateEmptyColorMesh
[2025-02-24 23:50:13.766] [L4D2Fix] [info] Modified the vertex max buffer shaderapivk.dll: CreateEmptyColorMesh Later
[2025-02-24 23:50:13.766] [L4D2Fix] [info] Modified the vertex max buffer shaderapivk.dll: CreateVertexIDBuffer
[2025-02-24 23:50:13.766] [L4D2Fix] [info] Modified the vertex max buffer shaderapivk.dll: CreateVertexIDBuffer Later
[2025-02-24 23:50:13.766] [L4D2Fix] [info] Modified the vertex max buffer shaderapivk.dll: Unknown
这个是最新一次的测试

**Comment by kurikomoe** [comment]
你可以用 crashtest 那个补丁测试是否应用了 patch

**Comment by deadline85** [comment]
> 你可以用 crashtest 那个补丁测试是否应用了 patch，那个把 32768 改成了 32，所以进任何图都会炸。如果炸了的话，那你换回正常的补丁就没啥问题了。

现在一个奇葩情况：用steam很难启动游戏要连续点好几次才能正常启动一次

![Image](https://github.com/user-attachments/assets/4cd0eeb6-a476-471c-ba15-89b45f584f57)这是我的启动项

**Comment by devilscc** [comment]
> > > > 我这边全新安装的 l4d2 + dxvk d3d9.dll 没办法复现启动失败的问题，也会正常弹窗
> > > > > p.s l4d2 + dxvk 全部 dll 会启动失败
> > > 
> > > 
> > > 我这边用的是这个dxvk https://github.com/doitsujin/dxvk/releases
> > 
> > 
> > 我的原因我找到了，dxvk有一个配置文件dxvk.conf，求生目录里面有这个文件就会无法启动。删除掉就可以正常启动了。
> 
> 是在哪个位置我没找到

https://www.bilibili.com/video/BV1zz421S7BS/?spm_id_from=333.337.search-card.all.click&vd_source=0e070ff1041b6e6bdc8444199fbddc88

时间2:30开始，从源文件里面拖出来的dxvk.conf文件，用来配置dxvk

**Comment by kurikomoe** [comment]
> > 试试最新的 https://github.com/kurikomoe/L4D2Fix/releases/tag/v1.1.1
> > 我本地测试发现有些情况下 version.dll 会 hijack 失败，现在改用 winhttp.dll 了 如果还不行，那我就只能写一个启动器了。
> 
> 用steam启动游戏，有时候启动不了，有时候能启动，能启动的都成功运行了

直接运行游戏的 exe 启动成功的概率会高一些。

这个问题等我有空了再处理一下，这段时间比较忙。

**Comment by deadline85** [comment]
> > > 试试最新的 https://github.com/kurikomoe/L4D2Fix/releases/tag/v1.1.1
> > > 我本地测试发现有些情况下 version.dll 会 hijack 失败，现在改用 winhttp.dll 了 如果还不行，那我就只能写一个启动器了。
> > 
> > 
> > 用steam启动游戏，有时候启动不了，有时候能启动，能启动的都成功运行了
> 
> 直接运行游戏的 exe 启动成功的概率会高一些。
> 
> 这个问题等我有空了再处理一下，这段时间比较忙。

现在本地启动有点奇怪加载完地图直接闪退，这是崩溃信息
Microsoft (R) Windows Debugger Version 10.0.20153.1000 X86
Copyright (c) Microsoft Corporation. All rights reserved.


Loading Dump File [D:\steam\steamapps\common\Left 4 Dead 2\left4dead2_crash_20250226161946_1.mdmp]
User Mini Dump File: Only registers, stack and portions of memory are available


************* Path validation summary **************
Response                         Time (ms)     Location
Deferred                                       srv*
Symbol search path is: srv*
Executable search path is: 
Windows 10 Version 18363 MP (6 procs) Free x86 compatible
Product: WinNt, suite: SingleUserTS Personal
Edition build lab: 18362.1.wow64fre.19h1_release.190318-1202
Machine Name:
Debug session time: Wed Feb 26 16:19:49.000 2025 (UTC + 8:00)
System Uptime: 0 days 3:14:27.820
Process Uptime: 0 days 0:03:46.000
................................................................
................................................................
..........................................................
This dump file has an exception of interest stored in it.
The stored exception information can be accessed via .ecxr.
(1868.854): Access violation - code c0000005 (first/second chance not available)
For analysis of this file, run !analyze -v
eax=00000000 ebx=577d0ea0 ecx=00000000 edx=00000000 esi=577d0e50 edi=577d0e60
eip=773b3c1c esp=53bfdb50 ebp=53bfdb5c iopl=0         nv up ei pl nz ac pe nc
cs=0023  ss=002b  ds=002b  es=002b  fs=0053  gs=002b             efl=00000216
ntdll!NtGetContextThread+0xc:
773b3c1c c20800          ret     8

**Comment by kurikomoe** [comment]
请尝试最新的 release
https://github.com/kurikomoe/L4D2Fix/releases/tag/v1.2.0

**Comment by deadline85** [comment]
> 请尝试最新的 release https://github.com/kurikomoe/L4D2Fix/releases/tag/v1.2.0

下班回去试试

**Comment by kurikomoe** [comment]
This issue is being closed due to lack of activity. If this is still a concern, please feel free to reopen it with additional details.

**Comment by deadline85** [comment]
> This issue is being closed due to lack of activity. If this is still a concern, please feel free to reopen it with additional details.

Microsoft (R) Windows Debugger Version 10.0.20153.1000 X86
Copyright (c) Microsoft Corporation. All rights reserved.


Loading Dump File [D:\steam\steamapps\common\Left 4 Dead 2\left4dead2_crash_20250311214820_1.mdmp]
User Mini Dump File: Only registers, stack and portions of memory are available


************* Path validation summary **************
Response                         Time (ms)     Location
Deferred                                       srv*
Symbol search path is: srv*
Executable search path is: 
Windows 10 Version 18363 MP (6 procs) Free x86 compatible
Product: WinNt, suite: SingleUserTS Personal
Edition build lab: 18362.1.wow64fre.19h1_release.190318-1202
Machine Name:
Debug session time: Tue Mar 11 21:48:22.000 2025 (UTC + 8:00)
System Uptime: 0 days 1:53:57.156
Process Uptime: 0 days 0:30:45.000
................................................................
................................................................
............................................................
This dump file has an exception of interest stored in it.
The stored exception information can be accessed via .ecxr.
(c70.7d4): Access violation - code c0000005 (first/second chance not available)
For analysis of this file, run !analyze -v
eax=00000000 ebx=53181670 ecx=00000000 edx=00000000 esi=53181620 edi=53181630
eip=77453c1c esp=00f5b7e8 ebp=00f5b7f4 iopl=0         nv up ei pl nz na pe nc
cs=0023  ss=002b  ds=002b  es=002b  fs=0053  gs=002b             efl=00000206
ntdll!NtGetContextThread+0xc:
77453c1c c20800          ret     8
又崩溃了😂

**Comment by kurikomoe** [comment]
> > This issue is being closed due to lack of activity. If this is still a concern, please feel free to reopen it with additional details.
> 
> Microsoft (R) Windows Debugger Version 10.0.20153.1000 X86 Copyright (c) Microsoft Corporation. All rights reserved.
> 
> Loading Dump File [D:\steam\steamapps\common\Left 4 Dead 2\left4dead2_crash_20250311214820_1.mdmp] User Mini Dump File: Only registers, stack and portions of memory are available
> 
> ************* Path validation summary ************** Response Time (ms) Location Deferred srv* Symbol search path is: srv* Executable search path is: Windows 10 Version 18363 MP (6 procs) Free x86 compatible Product: WinNt, suite: SingleUserTS Personal Edition build lab: 18362.1.wow64fre.19h1_release.190318-1202 Machine Name: Debug session time: Tue Mar 11 21:48:22.000 2025 (UTC + 8:00) System Uptime: 0 days 1:53:57.156 Process Uptime: 0 days 0:30:45.000 ................................................................ ................................................................ ............................................................ This dump file has an exception of interest stored in it. The stored exception information can be accessed via .ecxr. (c70.7d4): Access violation - code c0000005 (first/second chance not available) For analysis of this file, run !analyze -v eax=00000000 ebx=53181670 ecx=00000000 edx=00000000 esi=53181620 edi=53181630 eip=77453c1c esp=00f5b7e8 ebp=00f5b7f4 iopl=0 nv up ei pl nz na pe nc cs=0023 ss=002b ds=002b es=002b fs=0053 gs=002b efl=00000206 ntdll!NtGetContextThread+0xc: 77453c1c c20800 ret 8 又崩溃了😂

追了一下代码，大概是 callqueue/内存 溢出了，这个解决不了，游戏内存管理机制导致的。
